<?xml version="1.0" encoding="UTF-8"?>
<!-- Generated by org.testng.reporters.JUnitReportReporter -->
<testsuite skipped="0" hostname="Irfan-PC" name="qaclickacademy.AppiumTest" tests="2" failures="0" timestamp="2019-10-27T14:49:50 IST" time="0.015" errors="0">
  <testcase name="AndroidApp" time="0.015" classname="qaclickacademy.AppiumTest"/>
  <testcase name="IOSApp" time="0.000" classname="qaclickacademy.AppiumTest"/>
</testsuite> <!-- qaclickacademy.AppiumTest -->
