<?xml version="1.0" encoding="UTF-8"?>
<!-- Generated by org.testng.reporters.JUnitReportReporter -->
<testsuite skipped="0" hostname="Irfan-PC" name="qaclickacademy.RestAPITest" tests="2" failures="0" timestamp="2019-10-27T14:47:58 IST" time="0.006" errors="0">
  <testcase name="JiraDefect" time="0.004" classname="qaclickacademy.RestAPITest"/>
  <testcase name="JiraReq" time="0.002" classname="qaclickacademy.RestAPITest"/>
</testsuite> <!-- qaclickacademy.RestAPITest -->
