<?xml version="1.0" encoding="UTF-8"?>
<!-- Generated by org.testng.reporters.JUnitReportReporter -->
<testsuite skipped="0" hostname="Irfan-PC" name="qaclickacademy.SeleniumTest" tests="2" failures="0" timestamp="2019-10-27T14:47:58 IST" time="0.032" errors="0">
  <testcase name="UIelements" time="0.001" classname="qaclickacademy.SeleniumTest"/>
  <testcase name="BrowserAutomation" time="0.031" classname="qaclickacademy.SeleniumTest"/>
</testsuite> <!-- qaclickacademy.SeleniumTest -->
